<?xml version="1.0" encoding="UTF-8"?>
<!-- Generated by org.testng.reporters.JUnitReportReporter -->
<testsuite hostname="Sudhi-XPS" failures="0" tests="2" name="Appium.edureka.CureFit_App_TC" time="62.837" errors="0" timestamp="2021-06-12T08:44:27 CDT" skipped="0">
  <testcase classname="Appium.edureka.CureFit_App_TC" name="appBackground" time="36.934"/>
  <system-out/>
  <testcase classname="Appium.edureka.CureFit_App_TC" name="buyWorkout" time="25.903"/>
  <system-out/>
</testsuite> <!-- Appium.edureka.CureFit_App_TC -->
