<?xml version="1.0" encoding="UTF-8"?>
<!-- Generated by org.testng.reporters.JUnitReportReporter -->
<testsuite hostname="Sudhi-XPS" failures="0" tests="1" name="Appium.edureka.Myntra_App_TC" time="0.015" errors="0" timestamp="2021-06-05T09:34:24 CDT" skipped="0">
  <testcase classname="Appium.edureka.Myntra_App_TC" name="Test" time="0.015"/>
  <system-out/>
</testsuite> <!-- Appium.edureka.Myntra_App_TC -->
