<?xml version="1.0" encoding="UTF-8"?>
<!-- Generated by org.testng.reporters.JUnitReportReporter -->
<testsuite hostname="Sudhi-XPS" failures="0" tests="2" name="Appium.edureka.APIDemo_App_TC" time="10.959" errors="0" timestamp="2021-06-12T23:54:13 CDT" skipped="0">
  <testcase classname="Appium.edureka.APIDemo_App_TC" name="general_login" time="1.765"/>
  <system-out/>
  <testcase classname="Appium.edureka.APIDemo_App_TC" name="preference_page" time="9.194"/>
  <system-out/>
</testsuite> <!-- Appium.edureka.APIDemo_App_TC -->
