<?xml version="1.0" encoding="UTF-8"?>
<!-- Generated by org.testng.reporters.JUnitReportReporter -->
<testsuite hostname="Sudhi-XPS" failures="0" tests="1" name="Appium.edureka.APIDemo_App_TC2" time="11.070" errors="0" timestamp="2021-06-12T23:54:13 CDT" skipped="0">
  <testcase classname="Appium.edureka.APIDemo_App_TC2" name="dragDrop" time="11.070"/>
  <system-out/>
</testsuite> <!-- Appium.edureka.APIDemo_App_TC2 -->
