<?xml version="1.0" encoding="UTF-8"?>
<!-- Generated by org.testng.reporters.JUnitReportReporter -->
<testsuite hostname="Sudhi-XPS" failures="0" tests="1" name="Appium.edureka.HomeTest" time="64.437" errors="0" timestamp="2021-05-31T23:59:51 CDT" skipped="0">
  <testcase classname="Appium.edureka.HomeTest" name="home" time="64.437"/>
  <system-out/>
</testsuite> <!-- Appium.edureka.HomeTest -->
